0 info it worked if it ends with ok
1 verbose cli [ 'C:\\Program Files\\nodejs\\node.exe',
1 verbose cli   'C:\\Users\\Neo\\AppData\\Roaming\\npm\\node_modules\\npm\\bin\\npm-cli.js',
1 verbose cli   'start' ]
2 info using npm@4.1.1
3 info using node@v6.9.4
4 verbose run-script [ 'prestart', 'start', 'poststart' ]
5 info lifecycle shopping@0.0.0~prestart: shopping@0.0.0
6 silly lifecycle shopping@0.0.0~prestart: no script for prestart, continuing
7 info lifecycle shopping@0.0.0~start: shopping@0.0.0
8 verbose lifecycle shopping@0.0.0~start: unsafe-perm in lifecycle true
9 verbose lifecycle shopping@0.0.0~start: PATH: C:\Users\Neo\AppData\Roaming\npm\node_modules\npm\bin\node-gyp-bin;C:\Users\Neo\Downloads\shopping (1)\shopping\node_modules\.bin;F:\app\dneo\product\12.1.0\dbhome_1\bin;C:\Program Files (x86)\Intel\iCLS Client\;C:\Program Files\Intel\iCLS Client\;C:\ProgramData\Oracle\Java\javapath;C:\Windows\system32;C:\Windows;C:\Windows\System32\Wbem;C:\Windows\System32\WindowsPowerShell\v1.0\;C:\Program Files\Java\jdk1.8.0_102\bin;G:\localserver\php;C:\Program Files (x86)\MATLAB\R2010a\runtime\win32;C:\Program Files (x86)\MATLAB\R2010a\bin;C:\Program Files\Intel\Intel(R) Management Engine Components\DAL;C:\Program Files\Intel\Intel(R) Management Engine Components\IPT;C:\Program Files (x86)\Intel\Intel(R) Management Engine Components\DAL;C:\Program Files (x86)\Intel\Intel(R) Management Engine Components\IPT;C:\apache-maven-3.3.9\bin;C:\Program Files (x86)\Java\jdk1.8.0_25\bin;C:\xampp\php;C:\Program Files\Git\cmd;C:\Program Files\nodejs\;C:\Program Files\TortoiseSVN\bin;C:\Users\Neo\Anaconda3;C:\Users\Neo\Anaconda3\Scripts;C:\Users\Neo\Anaconda3\Library\bin;C:\Users\Neo\AppData\Local\Programs\Python\Python36-32\Scripts\;C:\Users\Neo\AppData\Local\Programs\Python\Python36-32\;C:\Users\Neo\AppData\Roaming\npm;C:\Program Files (x86)\Microsoft VS Code\bin
10 verbose lifecycle shopping@0.0.0~start: CWD: C:\Users\Neo\Downloads\shopping (1)\shopping
11 silly lifecycle shopping@0.0.0~start: Args: [ '/d /s /c', 'node ./bin/www' ]
12 silly lifecycle shopping@0.0.0~start: Returned: code: 1  signal: null
13 info lifecycle shopping@0.0.0~start: Failed to exec start script
14 verbose stack Error: shopping@0.0.0 start: `node ./bin/www`
14 verbose stack Exit status 1
14 verbose stack     at EventEmitter.<anonymous> (C:\Users\Neo\AppData\Roaming\npm\node_modules\npm\lib\utils\lifecycle.js:279:16)
14 verbose stack     at emitTwo (events.js:106:13)
14 verbose stack     at EventEmitter.emit (events.js:191:7)
14 verbose stack     at ChildProcess.<anonymous> (C:\Users\Neo\AppData\Roaming\npm\node_modules\npm\lib\utils\spawn.js:40:14)
14 verbose stack     at emitTwo (events.js:106:13)
14 verbose stack     at ChildProcess.emit (events.js:191:7)
14 verbose stack     at maybeClose (internal/child_process.js:877:16)
14 verbose stack     at Process.ChildProcess._handle.onexit (internal/child_process.js:226:5)
15 verbose pkgid shopping@0.0.0
16 verbose cwd C:\Users\Neo\Downloads\shopping (1)\shopping
17 error Windows_NT 6.1.7601
18 error argv "C:\\Program Files\\nodejs\\node.exe" "C:\\Users\\Neo\\AppData\\Roaming\\npm\\node_modules\\npm\\bin\\npm-cli.js" "start"
19 error node v6.9.4
20 error npm  v4.1.1
21 error code ELIFECYCLE
22 error shopping@0.0.0 start: `node ./bin/www`
22 error Exit status 1
23 error Failed at the shopping@0.0.0 start script 'node ./bin/www'.
23 error Make sure you have the latest version of node.js and npm installed.
23 error If you do, this is most likely a problem with the shopping package,
23 error not with npm itself.
23 error Tell the author that this fails on your system:
23 error     node ./bin/www
23 error You can get information on how to open an issue for this project with:
23 error     npm bugs shopping
23 error Or if that isn't available, you can get their info via:
23 error     npm owner ls shopping
23 error There is likely additional logging output above.
24 verbose exit [ 1, true ]
